Dataset/WordPress/libs/editor/build/intermediates/manifest_merge_blame_file/debug/manifest-merger-blame-debug-report.txt
1<?xml version="1.0" encoding="utf-8"?>
2<manifest xmlns:android="http://schemas.android.com/apk/res/android"
3    package="org.wordpress.android.editor" >
4
5    <uses-sdk
6        android:minSdkVersion="24"
6-->src/main/AndroidManifest.xml
7        android:targetSdkVersion="30" />
7-->src/main/AndroidManifest.xml
8
9    <application>
9-->src/main/AndroidManifest.xml:6:5-10:19
10        <activity
10-->src/main/AndroidManifest.xml:7:9-9:60
11            android:name="org.wordpress.android.editor.WPGutenbergWebViewActivity"
11-->src/main/AndroidManifest.xml:8:13-55
12            android:theme="@style/Base.GutenbergWebView" />
12-->src/main/AndroidManifest.xml:9:13-57
13    </application>
14
15</manifest>